<?xml version="1.0" encoding="UTF-8"?>
<testng-results ignored="0" total="3" passed="3" failed="0" skipped="0">
  <reporter-output>
  </reporter-output>
  <suite started-at="2025-02-09T11:17:27 IST" name="swaglabs suite" finished-at="2025-02-09T11:17:34 IST" duration-ms="7161">
    <groups>
    </groups>
    <test started-at="2025-02-09T11:17:27 IST" name="logintest" finished-at="2025-02-09T11:17:28 IST" duration-ms="1271">
      <class name="testcases.Logintest">
        <test-method signature="addcart()[pri:0, instance:testcases.Logintest@7a69b07]" started-at="2025-02-09T11:17:27 IST" name="addcart" finished-at="2025-02-09T11:17:28 IST" duration-ms="1222" status="PASS">
          <reporter-output>
          </reporter-output>
        </test-method> <!-- addcart -->
      </class> <!-- testcases.Logintest -->
    </test> <!-- logintest -->
    <test started-at="2025-02-09T11:17:28 IST" name="add court" finished-at="2025-02-09T11:17:30 IST" duration-ms="1184">
      <class name="testcases.addtocarttest">
        <test-method signature="clickaddcart()[pri:0, instance:testcases.addtocarttest@1afd44cb]" started-at="2025-02-09T11:17:28 IST" name="clickaddcart" finished-at="2025-02-09T11:17:30 IST" duration-ms="1180" status="PASS">
          <reporter-output>
          </reporter-output>
        </test-method> <!-- clickaddcart -->
      </class> <!-- testcases.addtocarttest -->
    </test> <!-- add court -->
    <test started-at="2025-02-09T11:17:30 IST" name="remove court" finished-at="2025-02-09T11:17:34 IST" duration-ms="4681">
      <class name="testcases.removecarttest">
        <test-method is-config="true" signature="launchbrowser()[pri:0, instance:testcases.removecarttest@333291e3]" started-at="2025-02-09T11:17:16 IST" name="launchbrowser" finished-at="2025-02-09T11:17:27 IST" duration-ms="10848" status="PASS">
          <reporter-output>
          </reporter-output>
        </test-method> <!-- launchbrowser -->
        <test-method signature="removecartoperation()[pri:0, instance:testcases.removecarttest@333291e3]" started-at="2025-02-09T11:17:30 IST" name="removecartoperation" finished-at="2025-02-09T11:17:34 IST" duration-ms="4676" status="PASS">
          <reporter-output>
          </reporter-output>
        </test-method> <!-- removecartoperation -->
        <test-method is-config="true" signature="teardown()[pri:0, instance:testcases.removecarttest@333291e3]" started-at="2025-02-09T11:17:34 IST" name="teardown" finished-at="2025-02-09T11:17:36 IST" duration-ms="1660" status="PASS">
          <reporter-output>
          </reporter-output>
        </test-method> <!-- teardown -->
      </class> <!-- testcases.removecarttest -->
    </test> <!-- remove court -->
  </suite> <!-- swaglabs suite -->
</testng-results>
