<?xml version="1.0" encoding="UTF-8"?>
<testng-results ignored="0" total="3" passed="3" failed="0" skipped="0">
  <reporter-output>
  </reporter-output>
  <suite started-at="2025-01-25T18:17:28 IST" name="swaglabs suite" finished-at="2025-01-25T18:17:35 IST" duration-ms="6702">
    <groups>
    </groups>
    <test started-at="2025-01-25T18:17:28 IST" name="logintest" finished-at="2025-01-25T18:17:29 IST" duration-ms="1154">
      <class name="testcases.Logintest">
        <test-method signature="addcart()[pri:0, instance:testcases.Logintest@19e4653c]" started-at="2025-01-25T18:17:28 IST" name="addcart" finished-at="2025-01-25T18:17:29 IST" duration-ms="1104" status="PASS">
          <reporter-output>
          </reporter-output>
        </test-method> <!-- addcart -->
      </class> <!-- testcases.Logintest -->
    </test> <!-- logintest -->
    <test started-at="2025-01-25T18:17:29 IST" name="add court" finished-at="2025-01-25T18:17:30 IST" duration-ms="1120">
      <class name="testcases.addtocarttest">
        <test-method signature="clickaddcart()[pri:0, instance:testcases.addtocarttest@6440112d]" started-at="2025-01-25T18:17:29 IST" name="clickaddcart" finished-at="2025-01-25T18:17:30 IST" duration-ms="1115" status="PASS">
          <reporter-output>
          </reporter-output>
        </test-method> <!-- clickaddcart -->
      </class> <!-- testcases.addtocarttest -->
    </test> <!-- add court -->
    <test started-at="2025-01-25T18:17:30 IST" name="remove court" finished-at="2025-01-25T18:17:35 IST" duration-ms="4392">
      <class name="testcases.removecarttest">
        <test-method is-config="true" signature="launchbrowser()[pri:0, instance:testcases.removecarttest@183ec003]" started-at="2025-01-25T18:17:18 IST" name="launchbrowser" finished-at="2025-01-25T18:17:28 IST" duration-ms="10173" status="PASS">
          <reporter-output>
          </reporter-output>
        </test-method> <!-- launchbrowser -->
        <test-method signature="removecartoperation()[pri:0, instance:testcases.removecarttest@183ec003]" started-at="2025-01-25T18:17:30 IST" name="removecartoperation" finished-at="2025-01-25T18:17:35 IST" duration-ms="4385" status="PASS">
          <reporter-output>
          </reporter-output>
        </test-method> <!-- removecartoperation -->
        <test-method is-config="true" signature="teardown()[pri:0, instance:testcases.removecarttest@183ec003]" started-at="2025-01-25T18:17:35 IST" name="teardown" finished-at="2025-01-25T18:17:36 IST" duration-ms="1504" status="PASS">
          <reporter-output>
          </reporter-output>
        </test-method> <!-- teardown -->
      </class> <!-- testcases.removecarttest -->
    </test> <!-- remove court -->
  </suite> <!-- swaglabs suite -->
</testng-results>
